17:09:31.496 > ets Jun  8 2016 00:22:57
17:09:31.507 > 
17:09:31.507 > rst:0x1 (POWERON_RESET),boot:0x13 (SPI_FAST_FLASH_BOOT)
17:09:31.508 > configsip: 0, SPIWP:0xee
17:09:31.508 > clk_drv:0x00,q_drv:0x00,d_drv:0x00,cs0_drv:0x00,hd_drv:0x00,wp_drv:0x00
17:09:31.511 > mode:DIO, clock div:2
17:09:31.513 > load:0x3fff0018,len:4
17:09:31.515 > load:0x3fff001c,len:1044
17:09:31.518 > load:0x40078000,len:10124
17:09:31.520 > load:0x40080400,len:5828
17:09:31.522 > entry 0x400806a8
17:09:32.160 > Initialize Ethernet with DHCP:
17:09:32.722 > sck miso mosi ss
17:09:32.723 > 18
17:09:32.724 > 19
17:09:32.724 > 23
17:09:32.724 > 15
17:10:35.020 > ets Jun  8 2016 00:22:57
17:10:35.023 > 
17:10:35.023 > rst:0x1 (POWERON_RESET),boot:0x13 (SPI_FAST_FLASH_BOOT)
17:10:35.027 > configsip: 0, SPIWP:0xee
17:10:35.030 > clk_drv:0x00,q_drv:0x00,d_drv:0x00,cs0_drv:0x00,hd_drv:0x00,wp_drv:0x00
17:10:35.036 > mode:DIO, clock div:2
17:10:35.038 > load:0x3fff0018,len:4
17:10:35.040 > load:0x3fff001c,len:1044
17:10:35.043 > load:0x40078000,len:10124
17:10:35.044 > load:0x40080400,len:5828
17:10:35.047 > entry 0x400806a8
17:10:35.685 > Initialize Ethernet with DHCP:
17:10:36.245 > sck miso mosi ss
17:10:36.247 > 18
17:10:36.247 > 19
17:10:36.247 > 23
17:10:36.249 > 15
17:10:36.350 > My IP address: 192.168.1.33
17:10:36.353 > My IP dnsServerIP: 91.219.56.96
17:10:36.356 > My IP gatewayIP: 192.168.1.11
17:10:36.358 > My subnetMask: 255.255.255.0
17:10:37.360 > Ethernet WebClient Example
17:10:37.434 > connected to 142.250.150.99
17:10:41.264 > 
17:10:41.266 > disconnecting.
17:10:41.291 > Received 246638 bytes in 6.1136, rate = 40.34 kbytes/second
17:10:42.991 > ets Jun  8 2016 00:22:57
17:10:42.994 > 
17:10:42.994 > rst:0x1 (POWERON_RESET),boot:0x13 (SPI_FAST_FLASH_BOOT)
17:10:42.998 > configsip: 0, SPIWP:0xee
17:10:43.000 > clk_drv:0x00,q_drv:0x00,d_drv:0x00,cs0_drv:0x00,hd_drv:0x00,wp_drv:0x00
17:10:43.007 > mode:DIO, clock div:2
17:10:43.009 > load:0x3fff0018,len:4
17:10:43.011 > load:0x3fff001c,len:1044
17:10:43.013 > load:0x40078000,len:10124
17:10:43.015 > load:0x40080400,len:5828
17:10:43.018 > entry 0x400806a8
17:10:43.655 > Initialize Ethernet with DHCP:
17:10:44.224 > sck miso mosi ss
17:10:44.227 > 18
17:10:44.227 > 19
17:10:44.227 > 23
17:10:44.227 > 15
17:10:44.340 > My IP address: 192.168.1.33
17:10:44.344 > My IP dnsServerIP: 91.219.56.96
17:10:44.347 > My IP gatewayIP: 192.168.1.11
17:10:44.349 > My subnetMask: 255.255.255.0
17:10:45.345 > Ethernet WebClient Example
17:10:45.422 > connected to 142.250.150.106
17:10:49.111 > 
17:10:49.114 > disconnecting.
17:10:49.139 > Received 246639 bytes in 5.9905, rate = 41.17 kbytes/second
