17:02:27.789 > ets Jun  8 2016 00:22:57
17:02:27.791 > 
17:02:27.791 > rst:0x1 (POWERON_RESET),boot:0x13 (SPI_FAST_FLASH_BOOT)
17:02:27.795 > configsip: 0, SPIWP:0xee
17:02:27.797 > clk_drv:0x00,q_drv:0x00,d_drv:0x00,cs0_drv:0x00,hd_drv:0x00,wp_drv:0x00
17:02:27.804 > mode:DIO, clock div:2
17:02:27.806 > load:0x3fff0018,len:4
17:02:27.807 > load:0x3fff001c,len:1044
17:02:27.811 > load:0x40078000,len:10124
17:02:27.812 > load:0x40080400,len:5828
17:02:27.814 > entry 0x400806a8
17:02:28.453 > Initialize Ethernet with DHCP:
17:02:29.012 > sck miso mosi ss
17:02:29.014 > 18
17:02:29.016 > 19
17:02:29.016 > 23
17:02:29.016 > 15
17:02:29.137 > My IP address: 192.168.1.33
17:02:29.142 > My IP dnsServerIP: 91.219.56.96
17:02:29.143 > My IP gatewayIP: 192.168.1.11
17:02:29.146 > My subnetMask: 255.255.255.0
17:02:30.139 > Ethernet WebClient Example
17:02:30.226 > connected to 74.125.131.104
17:02:35.317 > 
17:02:35.318 > disconnecting.
17:02:35.346 > Received 246629 bytes in 7.3986, rate = 33.33 kbytes/second
